2026/02/22 18:29:38 main.go:60: [INFO] SOLUSDT   | $     78.57 | INITIAL PRICE
2026/02/22 18:29:38 main.go:60: [INFO] BTCUSDT   | $  65075.27 | INITIAL PRICE
2026/02/22 18:29:38 main.go:60: [INFO] ETHUSDT   | $   1876.46 | INITIAL PRICE
2026/02/22 18:29:41 main.go:60: [INFO] BTCUSDT   | $  65075.26 | DOWN by $0.01
2026/02/22 18:29:41 main.go:60: [INFO] SOLUSDT   | $     78.55 | DOWN by $0.02
2026/02/22 18:29:41 main.go:60: [INFO] ETHUSDT   | $   1876.45 | DOWN by $0.01
2026/02/22 18:29:44 main.go:60: [INFO] SOLUSDT   | $     78.62 | UP by $0.07
2026/02/22 18:29:44 main.go:60: [INFO] BTCUSDT   | $  65101.34 | UP by $26.08
2026/02/22 18:29:44 main.go:60: [INFO] ETHUSDT   | $   1877.15 | UP by $0.70
2026/02/22 18:29:47 main.go:60: [INFO] SOLUSDT   | $     78.63 | UP by $0.01
2026/02/22 18:29:47 main.go:60: [INFO] BTCUSDT   | $  65122.88 | UP by $21.54
2026/02/22 18:29:48 main.go:60: [INFO] ETHUSDT   | $   1877.66 | UP by $0.51
2026/02/22 18:29:51 main.go:60: [INFO] BTCUSDT   | $  65092.18 | DOWN by $30.70
2026/02/22 18:29:51 main.go:60: [INFO] SOLUSDT   | $     78.60 | DOWN by $0.03
2026/02/22 18:29:51 main.go:60: [INFO] ETHUSDT   | $   1876.68 | DOWN by $0.98
2026/02/22 18:29:54 main.go:60: [INFO] BTCUSDT   | $  65092.18 | UNCHANGED
2026/02/22 18:29:54 main.go:60: [INFO] SOLUSDT   | $     78.59 | DOWN by $0.01
2026/02/22 18:29:54 main.go:60: [INFO] ETHUSDT   | $   1875.76 | DOWN by $0.92
2026/02/22 18:29:57 main.go:60: [INFO] BTCUSDT   | $  65061.55 | DOWN by $30.63
2026/02/22 18:29:57 main.go:60: [INFO] SOLUSDT   | $     78.54 | DOWN by $0.05
2026/02/22 18:29:57 main.go:60: [INFO] ETHUSDT   | $   1873.88 | DOWN by $1.88
2026/02/22 18:30:00 main.go:60: [INFO] BTCUSDT   | $  65048.52 | DOWN by $13.03
2026/02/22 18:30:00 main.go:60: [INFO] SOLUSDT   | $     78.47 | DOWN by $0.07
2026/02/22 18:30:00 main.go:60: [INFO] ETHUSDT   | $   1873.29 | DOWN by $0.59
2026/02/22 18:30:03 main.go:60: [INFO] BTCUSDT   | $  65041.78 | DOWN by $6.74
2026/02/22 18:30:03 main.go:60: [INFO] SOLUSDT   | $     78.46 | DOWN by $0.01
2026/02/22 18:30:03 main.go:60: [INFO] ETHUSDT   | $   1872.19 | DOWN by $1.10
2026/02/22 18:30:06 main.go:60: [INFO] BTCUSDT   | $  65018.01 | DOWN by $23.77
2026/02/22 18:30:06 main.go:60: [INFO] SOLUSDT   | $     78.41 | DOWN by $0.05
2026/02/22 18:30:06 main.go:60: [INFO] ETHUSDT   | $   1871.43 | DOWN by $0.76
2026/02/22 18:30:09 main.go:60: [INFO] BTCUSDT   | $  65010.38 | DOWN by $7.63
2026/02/22 18:30:09 main.go:60: [INFO] SOLUSDT   | $     78.41 | UNCHANGED
2026/02/22 18:30:09 main.go:60: [INFO] ETHUSDT   | $   1870.48 | DOWN by $0.95
2026/02/22 18:30:12 main.go:60: [INFO] BTCUSDT   | $  65019.14 | UP by $8.76
2026/02/22 18:30:12 main.go:60: [INFO] SOLUSDT   | $     78.51 | UP by $0.10
2026/02/22 18:30:13 main.go:60: [INFO] ETHUSDT   | $   1872.40 | UP by $1.92
2026/02/22 18:30:15 main.go:60: [INFO] BTCUSDT   | $  65048.52 | UP by $29.38
2026/02/22 18:30:15 main.go:60: [INFO] SOLUSDT   | $     78.54 | UP by $0.03
2026/02/22 18:30:16 main.go:60: [INFO] ETHUSDT   | $   1872.48 | UP by $0.08
2026/02/22 18:30:19 main.go:60: [INFO] BTCUSDT   | $  65007.92 | DOWN by $40.60
2026/02/22 18:30:19 main.go:60: [INFO] SOLUSDT   | $     78.45 | DOWN by $0.09
2026/02/22 18:30:19 main.go:60: [INFO] ETHUSDT   | $   1871.20 | DOWN by $1.28
2026/02/22 18:30:22 main.go:60: [INFO] SOLUSDT   | $     78.44 | DOWN by $0.01
2026/02/22 18:30:22 main.go:60: [INFO] ETHUSDT   | $   1870.48 | DOWN by $0.72
2026/02/22 18:30:22 main.go:60: [INFO] BTCUSDT   | $  65006.78 | DOWN by $1.14
2026/02/22 18:30:25 main.go:60: [INFO] SOLUSDT   | $     78.48 | UP by $0.04
2026/02/22 18:30:25 main.go:60: [INFO] BTCUSDT   | $  65009.62 | UP by $2.84
2026/02/22 18:30:25 main.go:60: [INFO] ETHUSDT   | $   1871.24 | UP by $0.76
2026/02/22 18:30:28 main.go:60: [INFO] SOLUSDT   | $     78.47 | DOWN by $0.01
2026/02/22 18:30:28 main.go:60: [INFO] BTCUSDT   | $  65009.62 | UNCHANGED
2026/02/22 18:30:29 main.go:60: [INFO] ETHUSDT   | $   1871.63 | UP by $0.39
2026/02/22 18:30:31 main.go:60: [INFO] SOLUSDT   | $     78.48 | UP by $0.01
2026/02/22 18:30:31 main.go:60: [INFO] BTCUSDT   | $  65007.42 | DOWN by $2.20
2026/02/22 18:30:32 main.go:60: [INFO] ETHUSDT   | $   1870.71 | DOWN by $0.92
2026/02/22 18:30:35 main.go:60: [INFO] SOLUSDT   | $     78.46 | DOWN by $0.02
2026/02/22 18:30:35 main.go:60: [INFO] ETHUSDT   | $   1870.54 | DOWN by $0.17
2026/02/22 18:30:35 main.go:60: [INFO] BTCUSDT   | $  65009.62 | UP by $2.20
2026/02/22 18:30:38 main.go:60: [INFO] SOLUSDT   | $     78.44 | DOWN by $0.02
2026/02/22 18:30:38 main.go:60: [INFO] ETHUSDT   | $   1871.09 | UP by $0.55
2026/02/22 18:30:38 main.go:60: [INFO] BTCUSDT   | $  65010.94 | UP by $1.32
